Array
(
    [house_number] => 55234234
    [first_name] => John  Rey
    [last_name] => Jubay
    [middle_name] => N/A
    [street] => hagonoy
    [barangay] => kabac
    [municipality] => bantayan
    [province] => cebu
    [residence_status] => owner
    [length_of_stay] => none
    [provincial_address] => dawdadawd
    [sex] => male
    [civil_status] => single
    [date_of_birth] => 2024-07-18
    [place_of_birth] => adadawdawd
    [height] => 213.00
    [weight] => 414.0
    [contact_number] => 09382296605
    [religion] => awdadadw
    [elementary_school] => awdadadw
    [elementary_address] => adadawdawd
    [highschool] => awdadawd
    [highschool_address] => adadwdawd
    [vocational_school] => awdadad
    [vocational_address] => adawdawda
    [college] => adadawd
    [college_address] => adadad
    [employment_duration] => adawdd
    [employer_name] => adadawd
    [employer_address] => adadwada
    [occupant_name] => awdadawd
    [occupant_position] => adadwadawd
    [occupant_age] => 12
    [occupant_birth_date] => 2024-07-03
    [occupant_civil_status] => single
    [occupant_occupation] => awdadadawd
)
Array
(
    [house_number] => 55234234
    [first_name] => edoy
    [last_name] => Jubay
    [middle_name] => N/A
    [street] => hagonoy
    [barangay] => kabac
    [municipality] => bantayan
    [province] => cebu
    [residence_status] => owner
    [length_of_stay] => none
    [provincial_address] => dawdadawd
    [sex] => male
    [civil_status] => single
    [date_of_birth] => 2024-07-18
    [place_of_birth] => adadawdawd
    [height] => 213.00
    [weight] => 414.0
    [contact_number] => 09382296605
    [religion] => awdadadw
    [elementary_school] => awdadadw
    [elementary_address] => adadawdawd
    [highschool] => awdadawd
    [highschool_address] => adadwdawd
    [vocational_school] => awdadad
    [vocational_address] => adawdawda
    [college] => adadawd
    [college_address] => adadad
    [employment_duration] => adawdd
    [employer_name] => adadawd
    [employer_address] => adadwada
    [occupant_name] => awdadawd
    [occupant_position] => adadwadawd
    [occupant_age] => 12
    [occupant_birth_date] => 2024-07-03
    [occupant_civil_status] => single
    [occupant_occupation] => awdadadawd
)
Array
(
    [house_number] => 55234234
    [first_name] => edoy
    [last_name] => Jubay
    [middle_name] => N/A
    [street] => hagonoy
    [barangay] => kabac
    [municipality] => bantayan
    [province] => cebu
    [residence_status] => owner
    [length_of_stay] => none
    [provincial_address] => dawdadawd
    [sex] => male
    [civil_status] => single
    [date_of_birth] => 2024-07-18
    [place_of_birth] => adadawdawd
    [height] => 213.00
    [weight] => 414.0
    [contact_number] => 09382296605
    [religion] => awdadadw
    [elementary_school] => awdadadw
    [elementary_address] => adadawdawd
    [highschool] => awdadawd
    [highschool_address] => adadwdawd
    [vocational_school] => awdadad
    [vocational_address] => adawdawda
    [college] => adadawd
    [college_address] => adadad
    [employment_duration] => adawdd
    [employer_name] => adadawd
    [employer_address] => adadwada
    [occupant_name] => awdadawd
    [occupant_position] => adadwadawd
    [occupant_age] => 12
    [occupant_birth_date] => 2024-07-03
    [occupant_civil_status] => single
    [occupant_occupation] => awdadadawd
)
